<?xml version="1.0" encoding="UTF-8"?>
<!-- Generated by org.testng.reporters.JUnitReportReporter -->
<testsuite skipped="0" hostname="DESKTOP-PTUFMQO" name="org.lo.NewTest" tests="1" failures="0" timestamp="17 Nov 2021 05:08:24 GMT" time="7.564" errors="0">
  <testcase name="f" time="7.564" classname="org.lo.NewTest"/>
</testsuite> <!-- org.lo.NewTest -->
