<?xml version="1.0" encoding="UTF-8"?>
<!-- Generated by org.testng.reporters.JUnitReportReporter -->
<testsuite skipped="0" hostname="DESKTOP-PTUFMQO" name="org.lo.Test1" tests="1" failures="0" timestamp="16 Nov 2021 15:50:03 GMT" time="0.009" errors="0">
  <testcase name="tc03" time="0.009" classname="org.lo.Test1"/>
</testsuite> <!-- org.lo.Test1 -->
